Content-Type: multipart/alternative;
 boundary="===============2227071143532729533=="
MIME-Version: 1.0
Subject: Change email
From: test@example.com
To: Udit.gupta2000@gmail.com
Date: Mon, 17 May 2021 06:33:28 -0000
Message-ID: 
 <162123320859.2023.868789001339163855@Veerabhadras-MacBook-Pro.local>

--===============2227071143532729533==
Content-Type: text/plain; charset="utf-8"
MIME-Version: 1.0
Content-Transfer-Encoding: 7bit



To change your current email address, please follow the link:

http://127.0.0.1:8000/accounts/change/email/RRenzujGiP753x7mLvdp/

--===============2227071143532729533==
Content-Type: text/html; charset="utf-8"
MIME-Version: 1.0
Content-Transfer-Encoding: 7bit



<!DOCTYPE html PUBLIC "-//W3C//DTD XHTML 1.0 Transitional//EN"
        "http://www.w3.org/TR/xhtml1/DTD/xhtml1-transitional.dtd">
<html xmlns="http://www.w3.org/1999/xhtml">
<head>
    <meta http-equiv="Content-Type" content="text/html; charset=UTF-8"/>
    <title>Change email</title>
    <meta name="viewport" content="width=device-width, initial-scale=1.0"/>
</head>

<body>

<p>
    To change your current email address, please follow the link:
</p>

<p>
    <a href="http://127.0.0.1:8000/accounts/change/email/RRenzujGiP753x7mLvdp/">http://127.0.0.1:8000/accounts/change/email/RRenzujGiP753x7mLvdp/</a>
</p>

</body>

</html>

--===============2227071143532729533==--

-------------------------------------------------------------------------------
