Content-Type: multipart/alternative;
 boundary="===============2252930965335581174=="
MIME-Version: 1.0
Subject: Profile activation
From: test@example.com
To: veerigcse@gmail.com
Date: Sun, 02 May 2021 15:13:18 -0000
Message-ID: 
 <161996839889.2990.8691183354093051138@Veerabhadras-MacBook-Pro.local>

--===============2252930965335581174==
Content-Type: text/plain; charset="utf-8"
MIME-Version: 1.0
Content-Transfer-Encoding: 7bit



To activate your profile, please follow this link:

http://127.0.0.1:8000/accounts/activate/wMHPxTZMJb95L6gZNZjh/

--===============2252930965335581174==
Content-Type: text/html; charset="utf-8"
MIME-Version: 1.0
Content-Transfer-Encoding: 7bit



<!DOCTYPE html PUBLIC "-//W3C//DTD XHTML 1.0 Transitional//EN"
        "http://www.w3.org/TR/xhtml1/DTD/xhtml1-transitional.dtd">
<html xmlns="http://www.w3.org/1999/xhtml">
<head>
    <meta http-equiv="Content-Type" content="text/html; charset=UTF-8"/>
    <title>Profile activation</title>
    <meta name="viewport" content="width=device-width, initial-scale=1.0"/>
</head>

<body>

<p>
    To activate your profile, please follow this link:
</p>

<p>
    <a href="http://127.0.0.1:8000/accounts/activate/wMHPxTZMJb95L6gZNZjh/">http://127.0.0.1:8000/accounts/activate/wMHPxTZMJb95L6gZNZjh/</a>
</p>

</body>

</html>

--===============2252930965335581174==--

-------------------------------------------------------------------------------
