Content-Type: multipart/alternative;
 boundary="===============4746436211964475155=="
MIME-Version: 1.0
Subject: Restore password
From: test@example.com
To: Udit.gupta@gmail.com
Date: Mon, 17 May 2021 06:29:21 -0000
Message-ID: 
 <162123296187.2023.17566436462564832230@Veerabhadras-MacBook-Pro.local>

--===============4746436211964475155==
Content-Type: text/plain; charset="utf-8"
MIME-Version: 1.0
Content-Transfer-Encoding: 7bit



You received this email because you requested a password reset for your user account.

Please, go to the following page and choose a new password:

http://127.0.0.1:8000/accounts/restore/Mg/5qp-14854bf2199e9c5f18e4/

--===============4746436211964475155==
Content-Type: text/html; charset="utf-8"
MIME-Version: 1.0
Content-Transfer-Encoding: 7bit



<!DOCTYPE html PUBLIC "-//W3C//DTD XHTML 1.0 Transitional//EN"
        "http://www.w3.org/TR/xhtml1/DTD/xhtml1-transitional.dtd">
<html xmlns="http://www.w3.org/1999/xhtml">
<head>
    <meta http-equiv="Content-Type" content="text/html; charset=UTF-8"/>
    <title>Restore password</title>
    <meta name="viewport" content="width=device-width, initial-scale=1.0"/>
</head>

<body>

<p>
    You received this email because you requested a password reset for your user account.
</p>

<p>
    Please, go to the following page and choose a new password:
</p>

<p>
    <a href="http://127.0.0.1:8000/accounts/restore/Mg/5qp-14854bf2199e9c5f18e4/">http://127.0.0.1:8000/accounts/restore/Mg/5qp-14854bf2199e9c5f18e4/</a>
</p>

</body>

</html>

--===============4746436211964475155==--

-------------------------------------------------------------------------------
